<?xml version="1.0" encoding="UTF-8"?>
<testsuite xmlns:xsi="http://www.w3.org/2001/XMLSchema-instance" xsi:noNamespaceSchemaLocation="https://maven.apache.org/surefire/maven-surefire-plugin/xsd/surefire-test-report.xsd" name="smoketests.CucumberRunnerTest" time="3.397" tests="2" errors="0" skipped="0" failures="0">
  <properties>
    <property name="java.specification.version" value="15"/>
    <property name="sun.jnu.encoding" value="UTF-8"/>
    <property name="java.class.path" value="/Users/kalyanparam/SDET-Training/QAtoQE_Framework/target/test-classes:/Users/kalyanparam/SDET-Training/QAtoQE_Framework/target/classes:/Users/kalyanparam/.m2/repository/org/seleniumhq/selenium/selenium-java/3.141.59/selenium-java-3.141.59.jar:/Users/kalyanparam/.m2/repository/org/seleniumhq/selenium/selenium-api/3.141.59/selenium-api-3.141.59.jar:/Users/kalyanparam/.m2/repository/org/seleniumhq/selenium/selenium-chrome-driver/3.141.59/selenium-chrome-driver-3.141.59.jar:/Users/kalyanparam/.m2/repository/org/seleniumhq/selenium/selenium-edge-driver/3.141.59/selenium-edge-driver-3.141.59.jar:/Users/kalyanparam/.m2/repository/org/seleniumhq/selenium/selenium-firefox-driver/3.141.59/selenium-firefox-driver-3.141.59.jar:/Users/kalyanparam/.m2/repository/org/seleniumhq/selenium/selenium-ie-driver/3.141.59/selenium-ie-driver-3.141.59.jar:/Users/kalyanparam/.m2/repository/org/seleniumhq/selenium/selenium-opera-driver/3.141.59/selenium-opera-driver-3.141.59.jar:/Users/kalyanparam/.m2/repository/org/seleniumhq/selenium/selenium-remote-driver/3.141.59/selenium-remote-driver-3.141.59.jar:/Users/kalyanparam/.m2/repository/org/seleniumhq/selenium/selenium-safari-driver/3.141.59/selenium-safari-driver-3.141.59.jar:/Users/kalyanparam/.m2/repository/org/seleniumhq/selenium/selenium-support/3.141.59/selenium-support-3.141.59.jar:/Users/kalyanparam/.m2/repository/net/bytebuddy/byte-buddy/1.8.15/byte-buddy-1.8.15.jar:/Users/kalyanparam/.m2/repository/org/apache/commons/commons-exec/1.3/commons-exec-1.3.jar:/Users/kalyanparam/.m2/repository/com/google/guava/guava/25.0-jre/guava-25.0-jre.jar:/Users/kalyanparam/.m2/repository/com/google/code/findbugs/jsr305/1.3.9/jsr305-1.3.9.jar:/Users/kalyanparam/.m2/repository/org/checkerframework/checker-compat-qual/2.0.0/checker-compat-qual-2.0.0.jar:/Users/kalyanparam/.m2/repository/com/google/errorprone/error_prone_annotations/2.1.3/error_prone_annotations-2.1.3.jar:/Users/kalyanparam/.m2/repository/com/google/j2objc/j2objc-annotations/1.1/j2objc-annotations-1.1.jar:/Users/kalyanparam/.m2/repository/org/codehaus/mojo/animal-sniffer-annotations/1.14/animal-sniffer-annotations-1.14.jar:/Users/kalyanparam/.m2/repository/com/squareup/okhttp3/okhttp/3.11.0/okhttp-3.11.0.jar:/Users/kalyanparam/.m2/repository/com/squareup/okio/okio/1.14.0/okio-1.14.0.jar:/Users/kalyanparam/.m2/repository/com/github/javafaker/javafaker/1.0.2/javafaker-1.0.2.jar:/Users/kalyanparam/.m2/repository/org/apache/commons/commons-lang3/3.5/commons-lang3-3.5.jar:/Users/kalyanparam/.m2/repository/org/yaml/snakeyaml/1.23/snakeyaml-1.23-android.jar:/Users/kalyanparam/.m2/repository/com/github/mifmif/generex/1.0.2/generex-1.0.2.jar:/Users/kalyanparam/.m2/repository/dk/brics/automaton/automaton/1.11-8/automaton-1.11-8.jar:/Users/kalyanparam/.m2/repository/org/testng/testng/7.1.0/testng-7.1.0.jar:/Users/kalyanparam/.m2/repository/com/beust/jcommander/1.72/jcommander-1.72.jar:/Users/kalyanparam/.m2/repository/com/google/inject/guice/4.1.0/guice-4.1.0-no_aop.jar:/Users/kalyanparam/.m2/repository/javax/inject/javax.inject/1/javax.inject-1.jar:/Users/kalyanparam/.m2/repository/aopalliance/aopalliance/1.0/aopalliance-1.0.jar:/Users/kalyanparam/.m2/repository/org/yaml/snakeyaml/1.21/snakeyaml-1.21.jar:/Users/kalyanparam/.m2/repository/io/cucumber/cucumber-java/5.6.0/cucumber-java-5.6.0.jar:/Users/kalyanparam/.m2/repository/io/cucumber/cucumber-core/5.6.0/cucumber-core-5.6.0.jar:/Users/kalyanparam/.m2/repository/io/cucumber/cucumber-gherkin/5.6.0/cucumber-gherkin-5.6.0.jar:/Users/kalyanparam/.m2/repository/io/cucumber/cucumber-gherkin-vintage/5.6.0/cucumber-gherkin-vintage-5.6.0.jar:/Users/kalyanparam/.m2/repository/io/cucumber/tag-expressions/2.0.4/tag-expressions-2.0.4.jar:/Users/kalyanparam/.m2/repository/io/cucumber/cucumber-expressions/8.3.1/cucumber-expressions-8.3.1.jar:/Users/kalyanparam/.m2/repository/io/cucumber/datatable/3.3.1/datatable-3.3.1.jar:/Users/kalyanparam/.m2/repository/io/cucumber/cucumber-plugin/5.6.0/cucumber-plugin-5.6.0.jar:/Users/kalyanparam/.m2/repository/io/cucumber/docstring/5.6.0/docstring-5.6.0.jar:/Users/kalyanparam/.m2/repository/org/apiguardian/apiguardian-api/1.1.0/apiguardian-api-1.1.0.jar:/Users/kalyanparam/.m2/repository/io/cucumber/cucumber-testng/5.6.0/cucumber-testng-5.6.0.jar:/Users/kalyanparam/.m2/repository/ru/yandex/qatools/ashot/ashot/1.5.4/ashot-1.5.4.jar:/Users/kalyanparam/.m2/repository/commons-io/commons-io/2.5/commons-io-2.5.jar:/Users/kalyanparam/.m2/repository/com/google/code/gson/gson/2.6.2/gson-2.6.2.jar:/Users/kalyanparam/.m2/repository/org/hamcrest/hamcrest-core/1.3/hamcrest-core-1.3.jar:/Users/kalyanparam/.m2/repository/com/vimalselvam/cucumber-extentsreport/3.1.1/cucumber-extentsreport-3.1.1.jar:/Users/kalyanparam/.m2/repository/com/aventstack/extentreports/3.1.5/extentreports-3.1.5.jar:/Users/kalyanparam/.m2/repository/org/freemarker/freemarker/2.3.23/freemarker-2.3.23.jar:/Users/kalyanparam/.m2/repository/org/mongodb/mongodb-driver/3.3.0/mongodb-driver-3.3.0.jar:/Users/kalyanparam/.m2/repository/org/mongodb/bson/3.3.0/bson-3.3.0.jar:/Users/kalyanparam/.m2/repository/org/mongodb/mongodb-driver-core/3.3.0/mongodb-driver-core-3.3.0.jar:/Users/kalyanparam/.m2/repository/org/apache/httpcomponents/httpclient/4.5.2/httpclient-4.5.2.jar:/Users/kalyanparam/.m2/repository/org/apache/httpcomponents/httpcore/4.4.4/httpcore-4.4.4.jar:/Users/kalyanparam/.m2/repository/commons-logging/commons-logging/1.2/commons-logging-1.2.jar:/Users/kalyanparam/.m2/repository/commons-codec/commons-codec/1.9/commons-codec-1.9.jar:/Users/kalyanparam/.m2/repository/org/apache/httpcomponents/httpmime/4.5.2/httpmime-4.5.2.jar:/Users/kalyanparam/.m2/repository/org/jsoup/jsoup/1.9.2/jsoup-1.9.2.jar:/Users/kalyanparam/.m2/repository/io/cucumber/cucumber-junit/6.8.1/cucumber-junit-6.8.1.jar:/Users/kalyanparam/.m2/repository/junit/junit/4.13.2/junit-4.13.2.jar:/Users/kalyanparam/.m2/repository/log4j/log4j/1.2.17/log4j-1.2.17.jar:/Users/kalyanparam/.m2/repository/io/rest-assured/rest-assured/4.4.0/rest-assured-4.4.0.jar:/Users/kalyanparam/.m2/repository/org/codehaus/groovy/groovy/3.0.8/groovy-3.0.8.jar:/Users/kalyanparam/.m2/repository/org/codehaus/groovy/groovy-xml/3.0.8/groovy-xml-3.0.8.jar:/Users/kalyanparam/.m2/repository/org/hamcrest/hamcrest/2.1/hamcrest-2.1.jar:/Users/kalyanparam/.m2/repository/org/ccil/cowan/tagsoup/tagsoup/1.2.1/tagsoup-1.2.1.jar:/Users/kalyanparam/.m2/repository/io/rest-assured/json-path/4.4.0/json-path-4.4.0.jar:/Users/kalyanparam/.m2/repository/org/codehaus/groovy/groovy-json/3.0.8/groovy-json-3.0.8.jar:/Users/kalyanparam/.m2/repository/io/rest-assured/rest-assured-common/4.4.0/rest-assured-common-4.4.0.jar:/Users/kalyanparam/.m2/repository/io/rest-assured/xml-path/4.4.0/xml-path-4.4.0.jar:/Users/kalyanparam/.m2/repository/jakarta/xml/bind/jakarta.xml.bind-api/2.3.3/jakarta.xml.bind-api-2.3.3.jar:/Users/kalyanparam/.m2/repository/jakarta/activation/jakarta.activation-api/1.2.2/jakarta.activation-api-1.2.2.jar:/Users/kalyanparam/.m2/repository/com/sun/xml/bind/jaxb-impl/2.3.3/jaxb-impl-2.3.3.jar:/Users/kalyanparam/.m2/repository/com/codoid/products/fillo/1.21/fillo-1.21.jar:/Users/kalyanparam/.m2/repository/com/jayway/jsonpath/json-path/2.6.0/json-path-2.6.0.jar:/Users/kalyanparam/.m2/repository/net/minidev/json-smart/2.4.7/json-smart-2.4.7.jar:/Users/kalyanparam/.m2/repository/net/minidev/accessors-smart/2.4.7/accessors-smart-2.4.7.jar:/Users/kalyanparam/.m2/repository/org/ow2/asm/asm/9.1/asm-9.1.jar:/Users/kalyanparam/.m2/repository/org/slf4j/slf4j-api/1.7.30/slf4j-api-1.7.30.jar:/Users/kalyanparam/.m2/repository/org/apache/maven/surefire/surefire-testng-utils/2.22.0/surefire-testng-utils-2.22.0.jar:/Users/kalyanparam/.m2/repository/org/apache/maven/surefire/surefire-grouper/2.22.0/surefire-grouper-2.22.0.jar:"/>
    <property name="java.vm.vendor" value="Oracle Corporation"/>
    <property name="sun.arch.data.model" value="64"/>
    <property name="java.vendor.url" value="https://java.oracle.com/"/>
    <property name="os.name" value="Mac OS X"/>
    <property name="java.vm.specification.version" value="15"/>
    <property name="sun.java.launcher" value="SUN_STANDARD"/>
    <property name="user.country" value="US"/>
    <property name="sun.boot.library.path" value="/Library/Java/JavaVirtualMachines/jdk-15.0.1.jdk/Contents/Home/lib"/>
    <property name="sun.java.command" value="/Users/kalyanparam/SDET-Training/QAtoQE_Framework/target/surefire/surefirebooter4503317018046643431.jar /Users/kalyanparam/SDET-Training/QAtoQE_Framework/target/surefire 2021-09-21T21-05-09_680-jvmRun1 surefire3871659798854655474tmp surefire_07819402468607648351tmp"/>
    <property name="http.nonProxyHosts" value="local|*.local|169.254/16|*.169.254/16"/>
    <property name="jdk.debug" value="release"/>
    <property name="surefire.test.class.path" value="/Users/kalyanparam/SDET-Training/QAtoQE_Framework/target/test-classes:/Users/kalyanparam/SDET-Training/QAtoQE_Framework/target/classes:/Users/kalyanparam/.m2/repository/org/seleniumhq/selenium/selenium-java/3.141.59/selenium-java-3.141.59.jar:/Users/kalyanparam/.m2/repository/org/seleniumhq/selenium/selenium-api/3.141.59/selenium-api-3.141.59.jar:/Users/kalyanparam/.m2/repository/org/seleniumhq/selenium/selenium-chrome-driver/3.141.59/selenium-chrome-driver-3.141.59.jar:/Users/kalyanparam/.m2/repository/org/seleniumhq/selenium/selenium-edge-driver/3.141.59/selenium-edge-driver-3.141.59.jar:/Users/kalyanparam/.m2/repository/org/seleniumhq/selenium/selenium-firefox-driver/3.141.59/selenium-firefox-driver-3.141.59.jar:/Users/kalyanparam/.m2/repository/org/seleniumhq/selenium/selenium-ie-driver/3.141.59/selenium-ie-driver-3.141.59.jar:/Users/kalyanparam/.m2/repository/org/seleniumhq/selenium/selenium-opera-driver/3.141.59/selenium-opera-driver-3.141.59.jar:/Users/kalyanparam/.m2/repository/org/seleniumhq/selenium/selenium-remote-driver/3.141.59/selenium-remote-driver-3.141.59.jar:/Users/kalyanparam/.m2/repository/org/seleniumhq/selenium/selenium-safari-driver/3.141.59/selenium-safari-driver-3.141.59.jar:/Users/kalyanparam/.m2/repository/org/seleniumhq/selenium/selenium-support/3.141.59/selenium-support-3.141.59.jar:/Users/kalyanparam/.m2/repository/net/bytebuddy/byte-buddy/1.8.15/byte-buddy-1.8.15.jar:/Users/kalyanparam/.m2/repository/org/apache/commons/commons-exec/1.3/commons-exec-1.3.jar:/Users/kalyanparam/.m2/repository/com/google/guava/guava/25.0-jre/guava-25.0-jre.jar:/Users/kalyanparam/.m2/repository/com/google/code/findbugs/jsr305/1.3.9/jsr305-1.3.9.jar:/Users/kalyanparam/.m2/repository/org/checkerframework/checker-compat-qual/2.0.0/checker-compat-qual-2.0.0.jar:/Users/kalyanparam/.m2/repository/com/google/errorprone/error_prone_annotations/2.1.3/error_prone_annotations-2.1.3.jar:/Users/kalyanparam/.m2/repository/com/google/j2objc/j2objc-annotations/1.1/j2objc-annotations-1.1.jar:/Users/kalyanparam/.m2/repository/org/codehaus/mojo/animal-sniffer-annotations/1.14/animal-sniffer-annotations-1.14.jar:/Users/kalyanparam/.m2/repository/com/squareup/okhttp3/okhttp/3.11.0/okhttp-3.11.0.jar:/Users/kalyanparam/.m2/repository/com/squareup/okio/okio/1.14.0/okio-1.14.0.jar:/Users/kalyanparam/.m2/repository/com/github/javafaker/javafaker/1.0.2/javafaker-1.0.2.jar:/Users/kalyanparam/.m2/repository/org/apache/commons/commons-lang3/3.5/commons-lang3-3.5.jar:/Users/kalyanparam/.m2/repository/org/yaml/snakeyaml/1.23/snakeyaml-1.23-android.jar:/Users/kalyanparam/.m2/repository/com/github/mifmif/generex/1.0.2/generex-1.0.2.jar:/Users/kalyanparam/.m2/repository/dk/brics/automaton/automaton/1.11-8/automaton-1.11-8.jar:/Users/kalyanparam/.m2/repository/org/testng/testng/7.1.0/testng-7.1.0.jar:/Users/kalyanparam/.m2/repository/com/beust/jcommander/1.72/jcommander-1.72.jar:/Users/kalyanparam/.m2/repository/com/google/inject/guice/4.1.0/guice-4.1.0-no_aop.jar:/Users/kalyanparam/.m2/repository/javax/inject/javax.inject/1/javax.inject-1.jar:/Users/kalyanparam/.m2/repository/aopalliance/aopalliance/1.0/aopalliance-1.0.jar:/Users/kalyanparam/.m2/repository/org/yaml/snakeyaml/1.21/snakeyaml-1.21.jar:/Users/kalyanparam/.m2/repository/io/cucumber/cucumber-java/5.6.0/cucumber-java-5.6.0.jar:/Users/kalyanparam/.m2/repository/io/cucumber/cucumber-core/5.6.0/cucumber-core-5.6.0.jar:/Users/kalyanparam/.m2/repository/io/cucumber/cucumber-gherkin/5.6.0/cucumber-gherkin-5.6.0.jar:/Users/kalyanparam/.m2/repository/io/cucumber/cucumber-gherkin-vintage/5.6.0/cucumber-gherkin-vintage-5.6.0.jar:/Users/kalyanparam/.m2/repository/io/cucumber/tag-expressions/2.0.4/tag-expressions-2.0.4.jar:/Users/kalyanparam/.m2/repository/io/cucumber/cucumber-expressions/8.3.1/cucumber-expressions-8.3.1.jar:/Users/kalyanparam/.m2/repository/io/cucumber/datatable/3.3.1/datatable-3.3.1.jar:/Users/kalyanparam/.m2/repository/io/cucumber/cucumber-plugin/5.6.0/cucumber-plugin-5.6.0.jar:/Users/kalyanparam/.m2/repository/io/cucumber/docstring/5.6.0/docstring-5.6.0.jar:/Users/kalyanparam/.m2/repository/org/apiguardian/apiguardian-api/1.1.0/apiguardian-api-1.1.0.jar:/Users/kalyanparam/.m2/repository/io/cucumber/cucumber-testng/5.6.0/cucumber-testng-5.6.0.jar:/Users/kalyanparam/.m2/repository/ru/yandex/qatools/ashot/ashot/1.5.4/ashot-1.5.4.jar:/Users/kalyanparam/.m2/repository/commons-io/commons-io/2.5/commons-io-2.5.jar:/Users/kalyanparam/.m2/repository/com/google/code/gson/gson/2.6.2/gson-2.6.2.jar:/Users/kalyanparam/.m2/repository/org/hamcrest/hamcrest-core/1.3/hamcrest-core-1.3.jar:/Users/kalyanparam/.m2/repository/com/vimalselvam/cucumber-extentsreport/3.1.1/cucumber-extentsreport-3.1.1.jar:/Users/kalyanparam/.m2/repository/com/aventstack/extentreports/3.1.5/extentreports-3.1.5.jar:/Users/kalyanparam/.m2/repository/org/freemarker/freemarker/2.3.23/freemarker-2.3.23.jar:/Users/kalyanparam/.m2/repository/org/mongodb/mongodb-driver/3.3.0/mongodb-driver-3.3.0.jar:/Users/kalyanparam/.m2/repository/org/mongodb/bson/3.3.0/bson-3.3.0.jar:/Users/kalyanparam/.m2/repository/org/mongodb/mongodb-driver-core/3.3.0/mongodb-driver-core-3.3.0.jar:/Users/kalyanparam/.m2/repository/org/apache/httpcomponents/httpclient/4.5.2/httpclient-4.5.2.jar:/Users/kalyanparam/.m2/repository/org/apache/httpcomponents/httpcore/4.4.4/httpcore-4.4.4.jar:/Users/kalyanparam/.m2/repository/commons-logging/commons-logging/1.2/commons-logging-1.2.jar:/Users/kalyanparam/.m2/repository/commons-codec/commons-codec/1.9/commons-codec-1.9.jar:/Users/kalyanparam/.m2/repository/org/apache/httpcomponents/httpmime/4.5.2/httpmime-4.5.2.jar:/Users/kalyanparam/.m2/repository/org/jsoup/jsoup/1.9.2/jsoup-1.9.2.jar:/Users/kalyanparam/.m2/repository/io/cucumber/cucumber-junit/6.8.1/cucumber-junit-6.8.1.jar:/Users/kalyanparam/.m2/repository/junit/junit/4.13.2/junit-4.13.2.jar:/Users/kalyanparam/.m2/repository/log4j/log4j/1.2.17/log4j-1.2.17.jar:/Users/kalyanparam/.m2/repository/io/rest-assured/rest-assured/4.4.0/rest-assured-4.4.0.jar:/Users/kalyanparam/.m2/repository/org/codehaus/groovy/groovy/3.0.8/groovy-3.0.8.jar:/Users/kalyanparam/.m2/repository/org/codehaus/groovy/groovy-xml/3.0.8/groovy-xml-3.0.8.jar:/Users/kalyanparam/.m2/repository/org/hamcrest/hamcrest/2.1/hamcrest-2.1.jar:/Users/kalyanparam/.m2/repository/org/ccil/cowan/tagsoup/tagsoup/1.2.1/tagsoup-1.2.1.jar:/Users/kalyanparam/.m2/repository/io/rest-assured/json-path/4.4.0/json-path-4.4.0.jar:/Users/kalyanparam/.m2/repository/org/codehaus/groovy/groovy-json/3.0.8/groovy-json-3.0.8.jar:/Users/kalyanparam/.m2/repository/io/rest-assured/rest-assured-common/4.4.0/rest-assured-common-4.4.0.jar:/Users/kalyanparam/.m2/repository/io/rest-assured/xml-path/4.4.0/xml-path-4.4.0.jar:/Users/kalyanparam/.m2/repository/jakarta/xml/bind/jakarta.xml.bind-api/2.3.3/jakarta.xml.bind-api-2.3.3.jar:/Users/kalyanparam/.m2/repository/jakarta/activation/jakarta.activation-api/1.2.2/jakarta.activation-api-1.2.2.jar:/Users/kalyanparam/.m2/repository/com/sun/xml/bind/jaxb-impl/2.3.3/jaxb-impl-2.3.3.jar:/Users/kalyanparam/.m2/repository/com/codoid/products/fillo/1.21/fillo-1.21.jar:/Users/kalyanparam/.m2/repository/com/jayway/jsonpath/json-path/2.6.0/json-path-2.6.0.jar:/Users/kalyanparam/.m2/repository/net/minidev/json-smart/2.4.7/json-smart-2.4.7.jar:/Users/kalyanparam/.m2/repository/net/minidev/accessors-smart/2.4.7/accessors-smart-2.4.7.jar:/Users/kalyanparam/.m2/repository/org/ow2/asm/asm/9.1/asm-9.1.jar:/Users/kalyanparam/.m2/repository/org/slf4j/slf4j-api/1.7.30/slf4j-api-1.7.30.jar:/Users/kalyanparam/.m2/repository/org/apache/maven/surefire/surefire-testng-utils/2.22.0/surefire-testng-utils-2.22.0.jar:/Users/kalyanparam/.m2/repository/org/apache/maven/surefire/surefire-grouper/2.22.0/surefire-grouper-2.22.0.jar:"/>
    <property name="sun.cpu.endian" value="little"/>
    <property name="user.home" value="/Users/kalyanparam"/>
    <property name="user.language" value="en"/>
    <property name="java.specification.vendor" value="Oracle Corporation"/>
    <property name="java.version.date" value="2020-10-20"/>
    <property name="java.home" value="/Library/Java/JavaVirtualMachines/jdk-15.0.1.jdk/Contents/Home"/>
    <property name="file.separator" value="/"/>
    <property name="basedir" value="/Users/kalyanparam/SDET-Training/QAtoQE_Framework"/>
    <property name="java.vm.compressedOopsMode" value="Zero based"/>
    <property name="line.separator" value="&#10;"/>
    <property name="java.specification.name" value="Java Platform API Specification"/>
    <property name="java.vm.specification.vendor" value="Oracle Corporation"/>
    <property name="surefire.real.class.path" value="/Users/kalyanparam/SDET-Training/QAtoQE_Framework/target/surefire/surefirebooter4503317018046643431.jar"/>
    <property name="sun.management.compiler" value="HotSpot 64-Bit Tiered Compilers"/>
    <property name="ftp.nonProxyHosts" value="local|*.local|169.254/16|*.169.254/16"/>
    <property name="java.runtime.version" value="15.0.1+9-18"/>
    <property name="user.name" value="kalyanparam"/>
    <property name="path.separator" value=":"/>
    <property name="os.version" value="10.15.6"/>
    <property name="java.runtime.name" value="Java(TM) SE Runtime Environment"/>
    <property name="file.encoding" value="UTF-8"/>
    <property name="java.vm.name" value="Java HotSpot(TM) 64-Bit Server VM"/>
    <property name="localRepository" value="/Users/kalyanparam/.m2/repository"/>
    <property name="java.vendor.url.bug" value="https://bugreport.java.com/bugreport/"/>
    <property name="java.io.tmpdir" value="/var/folders/w8/sg15p9yn719fcfhf9r9rw9z00000gn/T/"/>
    <property name="java.version" value="15.0.1"/>
    <property name="user.dir" value="/Users/kalyanparam/SDET-Training/QAtoQE_Framework"/>
    <property name="os.arch" value="x86_64"/>
    <property name="java.vm.specification.name" value="Java Virtual Machine Specification"/>
    <property name="java.library.path" value="/Users/kalyanparam/Library/Java/Extensions:/Library/Java/Extensions:/Network/Library/Java/Extensions:/System/Library/Java/Extensions:/usr/lib/java:."/>
    <property name="java.vm.info" value="mixed mode, sharing"/>
    <property name="java.vendor" value="Oracle Corporation"/>
    <property name="java.vm.version" value="15.0.1+9-18"/>
    <property name="sun.io.unicode.encoding" value="UnicodeBig"/>
    <property name="socksNonProxyHosts" value="local|*.local|169.254/16|*.169.254/16"/>
    <property name="java.class.version" value="59.0"/>
  </properties>
  <testcase name="runScenario" classname="smoketests.CucumberRunnerTest" time="2.11"/>
  <testcase name="runScenario" classname="smoketests.CucumberRunnerTest" time="0.671"/>
</testsuite>